生成启动时间为 2019/10/16 15:58:44。
     1>项目“F:\。\实习相关\code\code\code.vcxproj”在节点 2 上(build 个目标)。
     1>InitializeBuildStatus:
         正在创建“Debug\code.unsuccessfulbuild”，因为已指定“AlwaysCreate”。
       ClCompile:
         所有输出均为最新。
         C:\Program Files (x86)\Microsoft Visual Studio 10.0\VC\bin\CL.exe /c /I"D:\Program Files\MVTec\HALCON-10.0\include\cpp" /I"D:\Program Files\MVTec\HALCON-10.0\include" /ZI /nologo /W3 /WX- /Od /Oy- /D WIN32 /D _WINDOWS /D _DEBUG /D _MBCS /D _AFXDLL /Gm /EHsc /RTC1 /MDd /GS /fp:precise /Zc:wchar_t /Zc:forScope /Yu"StdAfx.h" /Fp"Debug\code.pch" /Fo"Debug\\" /Fd"Debug\vc100.pdb" /Gd /TP /analyze- /errorReport:prompt codeDlg.cpp
         codeDlg.cpp
       ResourceCompile:
         所有输出均为最新。
       ManifestResourceCompile:
         所有输出均为最新。
       Link:
         C:\Program Files (x86)\Microsoft Visual Studio 10.0\VC\bin\link.exe /ERRORREPORT:PROMPT /OUT:"F:\。\实习相关\code\Debug\code.exe" /INCREMENTAL /NOLOGO /LIBPATH:"D:\Program Files\MVTec\HALCON-10.0\lib\x86sse2-win32" halconcpp.lib /MANIFEST /ManifestFile:"Debug\code.exe.intermediate.manifest" /MANIFESTUAC:"level='asInvoker' uiAccess='false'" /DEBUG /PDB:"F:\。\实习相关\code\Debug\code.pdb" /SUBSYSTEM:WINDOWS /TLBID:1 /DYNAMICBASE /NXCOMPAT /IMPLIB:"F:\。\实习相关\code\Debug\code.lib" /MACHINE:X86 Debug\code.res
         Debug\code.exe.embed.manifest.res
         Debug\code.obj
         Debug\codeDlg.obj
         Debug\stdafx.obj
       Manifest:
         C:\Program Files (x86)\Microsoft SDKs\Windows\v7.0A\bin\mt.exe /nologo /verbose /out:"Debug\code.exe.embed.manifest" /manifest Debug\code.exe.intermediate.manifest "C:\Program Files (x86)\Microsoft Visual Studio 10.0\VC\Include\Manifest\dpiaware.manifest"
         所有输出均为最新。
       LinkEmbedManifest:
         所有输出均为最新。
         code.vcxproj -> F:\。\实习相关\code\Debug\code.exe
       FinalizeBuildStatus:
         正在删除文件“Debug\code.unsuccessfulbuild”。
         正在对“Debug\code.lastbuildstate”执行 Touch 任务。
     1>已完成生成项目“F:\。\实习相关\code\code\code.vcxproj”(build 个目标)的操作。

生成成功。

已用时间 00:00:01.61
